1\\\Rajiv\\\28.5989514,77.0516513\\\-\\\-\\\order_received\\\-
1\\\Rajiv\\\28.5989514,77.0516513\\\Saurav\\\-\\\delivery_boy_assigned\\\-
2\\\Pooja\\\28.5963233,77.0452676\\\-\\\-\\\order_received\\\-
2\\\Pooja\\\28.5963233,77.0452676\\\Sonu\\\-\\\delivery_boy_assigned\\\-
1\\\Rajiv\\\28.5989514,77.0516513\\\Saurav\\\-\\\order_picked\\\-
3\\\Simran\\\28.5947972,77.0362554\\\-\\\-\\\order_received\\\-
3\\\Simran\\\28.5947972,77.0362554\\\Prateek\\\-\\\delivery_boy_assigned\\\-
2\\\Pooja\\\28.5963233,77.0452676\\\Sonu\\\-\\\order_picked\\\-
4\\\Dhruv\\\28.6156326,77.0297967\\\-\\\-\\\order_received\\\-
1\\\Rajiv\\\28.5989514,77.0516513\\\Saurav\\\200\\\order_delivered\\\4min
3\\\Simran\\\28.5947972,77.0362554\\\Prateek\\\-\\\order_picked\\\-
4\\\Dhruv\\\28.6156326,77.0297967\\\Saurav\\\-\\\delivery_boy_assigned\\\-
4\\\Dhruv\\\28.6156326,77.0297967\\\Saurav\\\-\\\order_picked\\\-
2\\\Pooja\\\28.5963233,77.0452676\\\Sonu\\\124\\\order_delivered\\\4min
5\\\Sammy\\\28.6046691,77.0315347\\\-\\\-\\\order_received\\\-
5\\\Sammy\\\28.6046691,77.0315347\\\Sonu\\\-\\\delivery_boy_assigned\\\-
5\\\Sammy\\\28.6046691,77.0315347\\\Sonu\\\-\\\order_picked\\\-
3\\\Simran\\\28.5947972,77.0362554\\\Prateek\\\343\\\order_delivered\\\4min
6\\\Rahul\\\28.5966247,77.0591508\\\-\\\-\\\order_received\\\-
6\\\Rahul\\\28.5966247,77.0591508\\\Prateek\\\-\\\delivery_boy_assigned\\\-
7\\\Koko\\\28.5975384,77.0644401\\\-\\\-\\\order_received\\\-
6\\\Rahul\\\28.5966247,77.0591508\\\Prateek\\\-\\\order_picked\\\-
4\\\Dhruv\\\28.6156326,77.0297967\\\Saurav\\\552\\\order_delivered\\\4min
5\\\Sammy\\\28.6046691,77.0315347\\\Sonu\\\232\\\order_delivered\\\3min
7\\\Koko\\\28.5975384,77.0644401\\\Saurav\\\-\\\delivery_boy_assigned\\\-
6\\\Rahul\\\28.5966247,77.0591508\\\Prateek\\\551\\\order_delivered\\\2min
8\\\Preeti\\\28.5682006,77.0680664\\\-\\\-\\\order_received\\\-
7\\\Koko\\\28.5975384,77.0644401\\\Saurav\\\-\\\order_picked\\\-
8\\\Preeti\\\28.5682006,77.0680664\\\Sonu\\\-\\\delivery_boy_assigned\\\-
9\\\Payal\\\28.5714937,77.0722989\\\-\\\-\\\order_received\\\-
7\\\Koko\\\28.5975384,77.0644401\\\Saurav\\\232\\\order_delivered\\\2min
8\\\Preeti\\\28.5682006,77.0680664\\\Sonu\\\-\\\order_picked\\\-
9\\\Payal\\\28.5714937,77.0722989\\\Saurav\\\-\\\delivery_boy_assigned\\\-
10\\\Baabul\\\28.5651052,77.0466785\\\-\\\-\\\order_received\\\-
9\\\Payal\\\28.5714937,77.0722989\\\Saurav\\\-\\\order_picked\\\-
10\\\Baabul\\\28.5651052,77.0466785\\\Prateek\\\-\\\delivery_boy_assigned\\\-
10\\\Baabul\\\28.5651052,77.0466785\\\Prateek\\\-\\\order_picked\\\-
8\\\Preeti\\\28.5682006,77.0680664\\\Sonu\\\120\\\order_delivered\\\4min
9\\\Payal\\\28.5714937,77.0722989\\\Saurav\\\60\\\order_delivered\\\4min
10\\\Baabul\\\28.5651052,77.0466785\\\Prateek\\\220\\\order_delivered\\\4min
